<?xml version="1.0" encoding="UTF-8"?>
<!-- Generated by org.testng.reporters.JUnitReportReporter -->
<testsuite name="ibmnavigator.ReadExcelData" tests="6" time="12.323" ignored="0" failures="0" timestamp="06 Mar 2017 15:01:54 GMT" skipped="0" hostname="ISD-R9X85Z4" errors="0">
  <testcase name="login" time="0.957" classname="ibmnavigator.ReadExcelData"/>
  <testcase name="login" time="7.646" classname="ibmnavigator.ReadExcelData"/>
  <testcase name="login" time="0.931" classname="ibmnavigator.ReadExcelData"/>
  <testcase name="login" time="0.916" classname="ibmnavigator.ReadExcelData"/>
  <testcase name="login" time="0.953" classname="ibmnavigator.ReadExcelData"/>
  <testcase name="login" time="0.920" classname="ibmnavigator.ReadExcelData"/>
</testsuite> <!-- ibmnavigator.ReadExcelData -->
