<?xml version="1.0" encoding="UTF-8"?>
<!-- Generated by org.testng.reporters.JUnitReportReporter -->
<testsuite name="ibmnavigator.ReadData" tests="3" time="16.177" ignored="0" failures="0" timestamp="07 Mar 2017 12:03:46 GMT" skipped="0" hostname="ISD-R9X85Z4" errors="0">
  <testcase name="login" time="2.956" classname="ibmnavigator.ReadData"/>
  <testcase name="login" time="2.915" classname="ibmnavigator.ReadData"/>
  <testcase name="login" time="10.306" classname="ibmnavigator.ReadData"/>
</testsuite> <!-- ibmnavigator.ReadData -->
